mode: set
kost/services/user/user_service.go:17.85,21.2 1 1
kost/services/user/user_service.go:25.130,35.21 5 1
kost/services/user/user_service.go:38.2,38.15 1 1
kost/services/user/user_service.go:42.2,43.16 2 1
kost/services/user/user_service.go:48.2,51.26 4 1
kost/services/user/user_service.go:56.2,57.16 2 1
kost/services/user/user_service.go:62.2,66.21 2 1
kost/services/user/user_service.go:35.21,37.3 1 0
kost/services/user/user_service.go:38.15,40.3 1 1
kost/services/user/user_service.go:43.16,45.3 1 1
kost/services/user/user_service.go:51.26,53.3 1 0
kost/services/user/user_service.go:57.16,59.3 1 0
kost/services/user/user_service.go:69.76,72.16 2 1
kost/services/user/user_service.go:75.2,77.26 3 1
kost/services/user/user_service.go:81.2,81.21 1 1
kost/services/user/user_service.go:72.16,74.3 1 1
kost/services/user/user_service.go:77.26,79.3 1 0
kost/services/user/user_service.go:84.66,87.16 2 0
kost/services/user/user_service.go:90.2,92.21 3 0
kost/services/user/user_service.go:87.16,89.3 1 0
kost/services/user/user_service.go:95.143,99.16 2 1
kost/services/user/user_service.go:104.2,107.36 2 1
kost/services/user/user_service.go:111.2,111.15 1 1
kost/services/user/user_service.go:116.2,121.21 4 1
kost/services/user/user_service.go:99.16,101.3 1 0
kost/services/user/user_service.go:107.36,110.3 2 0
kost/services/user/user_service.go:111.15,113.3 1 1
kost/services/user/user_service.go:124.143,128.43 2 1
kost/services/user/user_service.go:133.2,136.36 2 1
kost/services/user/user_service.go:140.2,140.15 1 1
kost/services/user/user_service.go:145.2,150.21 4 1
kost/services/user/user_service.go:128.43,130.3 1 0
kost/services/user/user_service.go:136.36,139.3 2 0
kost/services/user/user_service.go:140.15,142.3 1 1
kost/services/user/user_service.go:153.54,160.2 2 1
kost/services/user/user_service.go:162.54,169.2 2 1
